2025-05-16 17:35:19 [scrapy.utils.log] INFO: Scrapy 2.10.0 started (bot: demo)
2025-05-16 17:35:19 [scrapy.utils.log] INFO: Versions: lxml 4.9.3.0, libxml2 2.10.3, cssselect 1.2.0, parsel 1.8.1, w3lib 2.0.0, Twisted 22.10.0, Python 3.11.2 (main, Nov 30 2024, 21:22:50) [GCC 12.2.0], pyOpenSSL 23.2.0 (OpenSSL 3.0.15 3 Sep 2024), cryptography 38.0.4, Platform Linux-5.15.167.4-microsoft-standard-WSL2-x86_64-with-glibc2.36
2025-05-16 17:35:19 [scrapy.addons] INFO: Enabled addons:
[]
2025-05-16 17:35:19 [scrapy.crawler] INFO: Overridden settings:
{'BOT_NAME': 'demo',
 'CLOSESPIDER_TIMEOUT': '360',
 'CONCURRENT_REQUESTS': 2,
 'CONCURRENT_REQUESTS_PER_DOMAIN': 2,
 'DOWNLOAD_DELAY': 1,
 'FEED_EXPORT_ENCODING': 'utf-8',
 'LOG_FILE': '/var/lib/scrapyd/logs/demo-1.0-py3.10/quotes_spa/2025-05-16T19_35_13_1.log',
 'LOG_LEVEL': 'INFO',
 'NEWSPIDER_MODULE': 'demo.spiders',
 'SPIDER_MODULES': ['demo.spiders'],
 'TWISTED_REACTOR': 'twisted.internet.asyncioreactor.AsyncioSelectorReactor'}
2025-05-16 17:35:19 [py.warnings] WARNING: /usr/local/lib/python3.11/dist-packages/scrapy/utils/request.py:248: ScrapyDeprecationWarning: '2.6' is a deprecated value for the 'REQUEST_FINGERPRINTER_IMPLEMENTATION' setting.

It is also the default value. In other words, it is normal to get this warning if you have not defined a value for the 'REQUEST_FINGERPRINTER_IMPLEMENTATION' setting. This is so for backward compatibility reasons, but it will change in a future version of Scrapy.

See the documentation of the 'REQUEST_FINGERPRINTER_IMPLEMENTATION' setting for information on how to handle this deprecation.
  return cls(crawler)

2025-05-16 17:35:19 [scrapy.extensions.telnet] INFO: Telnet Password: 089130511ad020f4
2025-05-16 17:35:24 [scrapy.middleware] INFO: Enabled extensions:
['scrapy.extensions.corestats.CoreStats',
 'scrapy.extensions.telnet.TelnetConsole',
 'scrapy.extensions.memusage.MemoryUsage',
 'scrapy.extensions.closespider.CloseSpider',
 'scrapy.extensions.feedexport.FeedExporter',
 'scrapy.extensions.logstats.LogStats']
2025-05-16 17:35:24 [quotes_spa] INFO: Proxy configured: http://tinyproxy1:8888
2025-05-16 17:35:24 [quotes_spa] INFO: Authentication enabled: True
2025-05-16 17:35:24 [quotes_spa] INFO: Spider initialized with params: (), {'auth_enabled': 'true', 'username': 'admin', 'password': 'admin', 'proxy': 'http://tinyproxy1:8888', 'user_agent_type': 'desktop', '_job': '2025-05-16T19_35_13_1'}
2025-05-16 17:35:25 [demo.user_agent_middleware] INFO: Connected to User-Agent rotation service
2025-05-16 17:35:27 [scrapy.middleware] INFO: Enabled downloader middlewares:
['scrapy.downloadermiddlewares.httpauth.HttpAuthMiddleware',
 'scrapy.downloadermiddlewares.downloadtimeout.DownloadTimeoutMiddleware',
 'scrapy.downloadermiddlewares.defaultheaders.DefaultHeadersMiddleware',
 'demo.user_agent_middleware.UserAgentRotationMiddleware',
 'scrapy.downloadermiddlewares.retry.RetryMiddleware',
 'scrapy.downloadermiddlewares.redirect.MetaRefreshMiddleware',
 'scrapy.downloadermiddlewares.httpcompression.HttpCompressionMiddleware',
 'scrapy.downloadermiddlewares.redirect.RedirectMiddleware',
 'scrapy.downloadermiddlewares.cookies.CookiesMiddleware',
 'scrapy.downloadermiddlewares.httpproxy.HttpProxyMiddleware',
 'demo.custom_selenium_middleware.SeleniumMiddleware',
 'demo.redis_cookies_middleware.RedisCookiesMiddleware',
 'scrapy.downloadermiddlewares.stats.DownloaderStats']
2025-05-16 17:35:27 [scrapy.middleware] INFO: Enabled spider middlewares:
['scrapy.spidermiddlewares.httperror.HttpErrorMiddleware',
 'scrapy.spidermiddlewares.offsite.OffsiteMiddleware',
 'scrapy.spidermiddlewares.referer.RefererMiddleware',
 'scrapy.spidermiddlewares.urllength.UrlLengthMiddleware',
 'scrapy.spidermiddlewares.depth.DepthMiddleware']
2025-05-16 17:35:29 [scrapy.middleware] INFO: Enabled item pipelines:
['demo.pipelines.PostgresPipeline', 'demo.pipelines.S3StoragePipeline']
2025-05-16 17:35:29 [quotes_spa] INFO: Authentication enabled → hitting login page
2025-05-16 17:35:29 [scrapy.core.engine] INFO: Spider opened
2025-05-16 17:35:32 [quotes_spa] INFO: Connected to S3 bucket: scraper-results
2025-05-16 17:35:32 [scrapy.extensions.logstats] INFO: Crawled 0 pages (at 0 pages/min), scraped 0 items (at 0 items/min)
2025-05-16 17:35:32 [quotes_spa] INFO: No cookies found in Redis
2025-05-16 17:35:32 [scrapy.extensions.telnet] INFO: Telnet console listening on 127.0.0.1:6023
2025-05-16 17:35:32 [demo.user_agent_middleware] INFO: Request to https://quotes.toscrape.com/login: Using User-Agent: Mozilla/5.0 (Macintosh; Intel Mac OS X 10_15_7) AppleWebKit/605.1.15 (KHTML, like Gecko) Version/14.1.1 Safari/605.1.15
2025-05-16 17:35:32 [quotes_spa] INFO: Active Selenium sessions: 0/1
2025-05-16 17:35:32 [quotes_spa] INFO: Applying User-Agent to Selenium: Mozilla/5.0 (Macintosh; Intel Mac OS X 10_15_7) AppleWebKit/605.1.15 (KHTML, like Gecko) Version/14.1.1 Safari/605.1.15
2025-05-16 17:35:32 [quotes_spa] INFO: 🌐 SELENIUM PROXY: http://tinyproxy1:8888
2025-05-16 17:35:58 [quotes_spa] INFO: Attempting login with Selenium session ID: bc1480e3506bf4475590a6f7d8719d8a
2025-05-16 17:35:59 [quotes_spa] INFO: Login attempt #1/3 with username=admin, password=*****
2025-05-16 17:36:06 [quotes_spa] INFO: ✅ Login successful!
2025-05-16 17:36:06 [demo.user_agent_middleware] INFO: Request to https://quotes.toscrape.com/js/: Using User-Agent: Mozilla/5.0 (Macintosh; Intel Mac OS X 10_15_6) AppleWebKit/605.1.15 (KHTML, like Gecko) Version/14.0.3 Safari/605.1.15
2025-05-16 17:36:06 [quotes_spa] INFO: Active Selenium sessions: 0/1
2025-05-16 17:36:06 [quotes_spa] INFO: Applying User-Agent to Selenium: Mozilla/5.0 (Macintosh; Intel Mac OS X 10_15_6) AppleWebKit/605.1.15 (KHTML, like Gecko) Version/14.0.3 Safari/605.1.15
2025-05-16 17:36:06 [quotes_spa] INFO: 🌐 SELENIUM PROXY: http://tinyproxy1:8888
2025-05-16 17:36:10 [quotes_spa] INFO: Using User-Agent for https://quotes.toscrape.com/js/: Mozilla/5.0 (Macintosh; Intel Mac OS X 10_15_6) AppleWebKit/605.1.15 (KHTML, like Gecko) Version/14.0.3 Safari/605.1.15
2025-05-16 17:36:10 [quotes_spa] INFO: 📊 PIPELINE: Item from https://quotes.toscrape.com/js/ processed with proxy: http://tinyproxy1:8888
2025-05-16 17:36:10 [quotes_spa] INFO: Stored item in S3: quotes_data/quotes_spa/2025-05-16/quotes_spa_20250516_173610_272084_item1_ea1667c3fdbf700c_pxe6d0484a_5905.json
2025-05-16 17:36:10 [quotes_spa] INFO: 📊 PIPELINE: Item from https://quotes.toscrape.com/js/ processed with proxy: http://tinyproxy1:8888
2025-05-16 17:36:10 [quotes_spa] INFO: Stored item in S3: quotes_data/quotes_spa/2025-05-16/quotes_spa_20250516_173610_326893_item2_fe3d25151a755eeb_pxe6d0484a_9273.json
2025-05-16 17:36:10 [quotes_spa] INFO: 📊 PIPELINE: Item from https://quotes.toscrape.com/js/ processed with proxy: http://tinyproxy1:8888
2025-05-16 17:36:10 [quotes_spa] INFO: Stored item in S3: quotes_data/quotes_spa/2025-05-16/quotes_spa_20250516_173610_376587_item3_fb337a3144cbd93e_pxe6d0484a_2015.json
2025-05-16 17:36:10 [quotes_spa] INFO: 📊 PIPELINE: Item from https://quotes.toscrape.com/js/ processed with proxy: http://tinyproxy1:8888
2025-05-16 17:36:10 [quotes_spa] INFO: Stored item in S3: quotes_data/quotes_spa/2025-05-16/quotes_spa_20250516_173610_404452_item4_587bdf73c90c41d3_pxe6d0484a_3418.json
2025-05-16 17:36:10 [quotes_spa] INFO: 📊 PIPELINE: Item from https://quotes.toscrape.com/js/ processed with proxy: http://tinyproxy1:8888
2025-05-16 17:36:10 [quotes_spa] INFO: Stored item in S3: quotes_data/quotes_spa/2025-05-16/quotes_spa_20250516_173610_445155_item5_c669ee7c966523ff_pxe6d0484a_4871.json
2025-05-16 17:36:10 [quotes_spa] INFO: 📊 PIPELINE: Item from https://quotes.toscrape.com/js/ processed with proxy: http://tinyproxy1:8888
2025-05-16 17:36:10 [quotes_spa] INFO: Stored item in S3: quotes_data/quotes_spa/2025-05-16/quotes_spa_20250516_173610_473432_item6_4aed04830ba95d29_pxe6d0484a_2663.json
2025-05-16 17:36:10 [quotes_spa] INFO: 📊 PIPELINE: Item from https://quotes.toscrape.com/js/ processed with proxy: http://tinyproxy1:8888
2025-05-16 17:36:10 [quotes_spa] INFO: Stored item in S3: quotes_data/quotes_spa/2025-05-16/quotes_spa_20250516_173610_508577_item7_ef15f5ff9eac1230_pxe6d0484a_4843.json
2025-05-16 17:36:10 [quotes_spa] INFO: 📊 PIPELINE: Item from https://quotes.toscrape.com/js/ processed with proxy: http://tinyproxy1:8888
2025-05-16 17:36:10 [quotes_spa] INFO: Stored item in S3: quotes_data/quotes_spa/2025-05-16/quotes_spa_20250516_173610_545813_item8_e3046ec2914d868f_pxe6d0484a_8445.json
2025-05-16 17:36:10 [quotes_spa] INFO: 📊 PIPELINE: Item from https://quotes.toscrape.com/js/ processed with proxy: http://tinyproxy1:8888
2025-05-16 17:36:10 [quotes_spa] INFO: Stored item in S3: quotes_data/quotes_spa/2025-05-16/quotes_spa_20250516_173610_578897_item9_43e0a92541dc5502_pxe6d0484a_4482.json
2025-05-16 17:36:10 [quotes_spa] INFO: 📊 PIPELINE: Item from https://quotes.toscrape.com/js/ processed with proxy: http://tinyproxy1:8888
2025-05-16 17:36:10 [quotes_spa] INFO: Stored item in S3: quotes_data/quotes_spa/2025-05-16/quotes_spa_20250516_173610_612456_item10_e7670a88601158b7_pxe6d0484a_1969.json
2025-05-16 17:36:10 [demo.user_agent_middleware] INFO: Request to https://quotes.toscrape.com/js/page/2/: Using User-Agent: Mozilla/5.0 (Windows NT 10.0; Win64; x64) AppleWebKit/537.36 (KHTML, like Gecko) Chrome/91.0.4472.124 Safari/537.36 Edg/91.0.864.59
2025-05-16 17:36:10 [quotes_spa] INFO: Active Selenium sessions: 0/1
2025-05-16 17:36:10 [quotes_spa] INFO: Applying User-Agent to Selenium: Mozilla/5.0 (Windows NT 10.0; Win64; x64) AppleWebKit/537.36 (KHTML, like Gecko) Chrome/91.0.4472.124 Safari/537.36 Edg/91.0.864.59
2025-05-16 17:36:10 [quotes_spa] INFO: 🌐 SELENIUM PROXY: http://tinyproxy1:8888
2025-05-16 17:36:14 [quotes_spa] INFO: Using User-Agent for https://quotes.toscrape.com/js/page/2/: Mozilla/5.0 (Windows NT 10.0; Win64; x64) AppleWebKit/537.36 (KHTML, like Gecko) Chrome/91.0.4472.124 Safari/537.36 Edg/91.0.864.59
2025-05-16 17:36:14 [quotes_spa] INFO: 📊 PIPELINE: Item from https://quotes.toscrape.com/js/page/2/ processed with proxy: http://tinyproxy1:8888
2025-05-16 17:36:14 [quotes_spa] INFO: Stored item in S3: quotes_data/quotes_spa/2025-05-16/quotes_spa_20250516_173614_955753_page2_item11_c85b0a060432585a_pxe6d0484a_4872.json
2025-05-16 17:36:14 [quotes_spa] INFO: 📊 PIPELINE: Item from https://quotes.toscrape.com/js/page/2/ processed with proxy: http://tinyproxy1:8888
2025-05-16 17:36:15 [quotes_spa] INFO: Stored item in S3: quotes_data/quotes_spa/2025-05-16/quotes_spa_20250516_173614_983239_page2_item12_cf5bcbea12056825_pxe6d0484a_3631.json
2025-05-16 17:36:15 [quotes_spa] INFO: 📊 PIPELINE: Item from https://quotes.toscrape.com/js/page/2/ processed with proxy: http://tinyproxy1:8888
2025-05-16 17:36:15 [quotes_spa] INFO: Stored item in S3: quotes_data/quotes_spa/2025-05-16/quotes_spa_20250516_173615_008733_page2_item13_3799e4593026eff0_pxe6d0484a_4970.json
2025-05-16 17:36:15 [quotes_spa] INFO: 📊 PIPELINE: Item from https://quotes.toscrape.com/js/page/2/ processed with proxy: http://tinyproxy1:8888
2025-05-16 17:36:15 [quotes_spa] INFO: Stored item in S3: quotes_data/quotes_spa/2025-05-16/quotes_spa_20250516_173615_043360_page2_item14_275560017b20a193_pxe6d0484a_8299.json
2025-05-16 17:36:15 [quotes_spa] INFO: 📊 PIPELINE: Item from https://quotes.toscrape.com/js/page/2/ processed with proxy: http://tinyproxy1:8888
2025-05-16 17:36:15 [quotes_spa] INFO: Stored item in S3: quotes_data/quotes_spa/2025-05-16/quotes_spa_20250516_173615_071334_page2_item15_cdd49c4ca02468a8_pxe6d0484a_7619.json
2025-05-16 17:36:15 [quotes_spa] INFO: 📊 PIPELINE: Item from https://quotes.toscrape.com/js/page/2/ processed with proxy: http://tinyproxy1:8888
2025-05-16 17:36:15 [quotes_spa] INFO: Stored item in S3: quotes_data/quotes_spa/2025-05-16/quotes_spa_20250516_173615_102364_page2_item16_d5ea3a11326857ce_pxe6d0484a_9250.json
2025-05-16 17:36:15 [quotes_spa] INFO: 📊 PIPELINE: Item from https://quotes.toscrape.com/js/page/2/ processed with proxy: http://tinyproxy1:8888
2025-05-16 17:36:15 [quotes_spa] INFO: Stored item in S3: quotes_data/quotes_spa/2025-05-16/quotes_spa_20250516_173615_127457_page2_item17_2de3b08b5870ae6c_pxe6d0484a_6664.json
2025-05-16 17:36:15 [quotes_spa] INFO: 📊 PIPELINE: Item from https://quotes.toscrape.com/js/page/2/ processed with proxy: http://tinyproxy1:8888
2025-05-16 17:36:15 [quotes_spa] INFO: Stored item in S3: quotes_data/quotes_spa/2025-05-16/quotes_spa_20250516_173615_160344_page2_item18_4adced1c805fed6b_pxe6d0484a_9283.json
2025-05-16 17:36:15 [quotes_spa] INFO: 📊 PIPELINE: Item from https://quotes.toscrape.com/js/page/2/ processed with proxy: http://tinyproxy1:8888
2025-05-16 17:36:15 [quotes_spa] INFO: Stored item in S3: quotes_data/quotes_spa/2025-05-16/quotes_spa_20250516_173615_187363_page2_item19_1ea034edbdfcde5a_pxe6d0484a_5843.json
2025-05-16 17:36:15 [quotes_spa] INFO: 📊 PIPELINE: Item from https://quotes.toscrape.com/js/page/2/ processed with proxy: http://tinyproxy1:8888
2025-05-16 17:36:15 [quotes_spa] INFO: Stored item in S3: quotes_data/quotes_spa/2025-05-16/quotes_spa_20250516_173615_210935_page2_item20_30be269c4de0918d_pxe6d0484a_4001.json
2025-05-16 17:36:15 [demo.user_agent_middleware] INFO: Request to https://quotes.toscrape.com/js/page/3/: Using User-Agent: Mozilla/5.0 (X11; Linux x86_64; rv:89.0) Gecko/20100101 Firefox/89.0
2025-05-16 17:36:15 [quotes_spa] INFO: Active Selenium sessions: 0/1
2025-05-16 17:36:15 [quotes_spa] INFO: Applying User-Agent to Selenium: Mozilla/5.0 (X11; Linux x86_64; rv:89.0) Gecko/20100101 Firefox/89.0
2025-05-16 17:36:15 [quotes_spa] INFO: 🌐 SELENIUM PROXY: http://tinyproxy1:8888
2025-05-16 17:36:20 [quotes_spa] INFO: Using User-Agent for https://quotes.toscrape.com/js/page/3/: Mozilla/5.0 (X11; Linux x86_64; rv:89.0) Gecko/20100101 Firefox/89.0
2025-05-16 17:36:20 [quotes_spa] INFO: 📊 PIPELINE: Item from https://quotes.toscrape.com/js/page/3/ processed with proxy: http://tinyproxy1:8888
2025-05-16 17:36:21 [quotes_spa] INFO: Stored item in S3: quotes_data/quotes_spa/2025-05-16/quotes_spa_20250516_173620_401341_page3_item21_690ae1491d1e1447_pxe6d0484a_8629.json
2025-05-16 17:36:21 [quotes_spa] INFO: 📊 PIPELINE: Item from https://quotes.toscrape.com/js/page/3/ processed with proxy: http://tinyproxy1:8888
2025-05-16 17:36:21 [quotes_spa] INFO: Stored item in S3: quotes_data/quotes_spa/2025-05-16/quotes_spa_20250516_173621_730432_page3_item22_c506b02166c2038d_pxe6d0484a_4839.json
2025-05-16 17:36:21 [quotes_spa] INFO: 📊 PIPELINE: Item from https://quotes.toscrape.com/js/page/3/ processed with proxy: http://tinyproxy1:8888
2025-05-16 17:36:22 [quotes_spa] INFO: Stored item in S3: quotes_data/quotes_spa/2025-05-16/quotes_spa_20250516_173621_946948_page3_item23_3b032874e7ea2dd1_pxe6d0484a_1111.json
2025-05-16 17:36:22 [quotes_spa] INFO: 📊 PIPELINE: Item from https://quotes.toscrape.com/js/page/3/ processed with proxy: http://tinyproxy1:8888
2025-05-16 17:36:22 [quotes_spa] INFO: Stored item in S3: quotes_data/quotes_spa/2025-05-16/quotes_spa_20250516_173622_043069_page3_item24_b536c7c9ff7c3025_pxe6d0484a_2283.json
2025-05-16 17:36:22 [quotes_spa] INFO: 📊 PIPELINE: Item from https://quotes.toscrape.com/js/page/3/ processed with proxy: http://tinyproxy1:8888
2025-05-16 17:36:22 [quotes_spa] INFO: Stored item in S3: quotes_data/quotes_spa/2025-05-16/quotes_spa_20250516_173622_073745_page3_item25_ae9b218d2286662f_pxe6d0484a_2956.json
2025-05-16 17:36:22 [quotes_spa] INFO: 📊 PIPELINE: Item from https://quotes.toscrape.com/js/page/3/ processed with proxy: http://tinyproxy1:8888
2025-05-16 17:36:22 [quotes_spa] INFO: Stored item in S3: quotes_data/quotes_spa/2025-05-16/quotes_spa_20250516_173622_097987_page3_item26_626612869914f80d_pxe6d0484a_8673.json
2025-05-16 17:36:22 [quotes_spa] INFO: 📊 PIPELINE: Item from https://quotes.toscrape.com/js/page/3/ processed with proxy: http://tinyproxy1:8888
2025-05-16 17:36:22 [quotes_spa] INFO: Stored item in S3: quotes_data/quotes_spa/2025-05-16/quotes_spa_20250516_173622_123136_page3_item27_cd5c15a64e33387c_pxe6d0484a_1111.json
2025-05-16 17:36:22 [quotes_spa] INFO: 📊 PIPELINE: Item from https://quotes.toscrape.com/js/page/3/ processed with proxy: http://tinyproxy1:8888
2025-05-16 17:36:22 [quotes_spa] INFO: Stored item in S3: quotes_data/quotes_spa/2025-05-16/quotes_spa_20250516_173622_146930_page3_item28_344904f8af829194_pxe6d0484a_8722.json
2025-05-16 17:36:22 [quotes_spa] INFO: 📊 PIPELINE: Item from https://quotes.toscrape.com/js/page/3/ processed with proxy: http://tinyproxy1:8888
2025-05-16 17:36:22 [quotes_spa] INFO: Stored item in S3: quotes_data/quotes_spa/2025-05-16/quotes_spa_20250516_173622_174973_page3_item29_c9505af5cca94ec3_pxe6d0484a_4750.json
2025-05-16 17:36:22 [quotes_spa] INFO: 📊 PIPELINE: Item from https://quotes.toscrape.com/js/page/3/ processed with proxy: http://tinyproxy1:8888
2025-05-16 17:36:22 [quotes_spa] INFO: Stored item in S3: quotes_data/quotes_spa/2025-05-16/quotes_spa_20250516_173622_200810_page3_item30_dd5e6e6669be66a0_pxe6d0484a_7970.json
2025-05-16 17:36:22 [demo.user_agent_middleware] INFO: Request to https://quotes.toscrape.com/js/page/4/: Using User-Agent: Mozilla/5.0 (Windows NT 10.0; Win64; x64) AppleWebKit/537.36 (KHTML, like Gecko) Chrome/91.0.4472.124 Safari/537.36 Edg/91.0.864.59
2025-05-16 17:36:22 [quotes_spa] INFO: Active Selenium sessions: 0/1
2025-05-16 17:36:22 [quotes_spa] INFO: Applying User-Agent to Selenium: Mozilla/5.0 (Windows NT 10.0; Win64; x64) AppleWebKit/537.36 (KHTML, like Gecko) Chrome/91.0.4472.124 Safari/537.36 Edg/91.0.864.59
2025-05-16 17:36:22 [quotes_spa] INFO: 🌐 SELENIUM PROXY: http://tinyproxy1:8888
2025-05-16 17:36:25 [quotes_spa] INFO: Using User-Agent for https://quotes.toscrape.com/js/page/4/: Mozilla/5.0 (Windows NT 10.0; Win64; x64) AppleWebKit/537.36 (KHTML, like Gecko) Chrome/91.0.4472.124 Safari/537.36 Edg/91.0.864.59
2025-05-16 17:36:26 [quotes_spa] INFO: 📊 PIPELINE: Item from https://quotes.toscrape.com/js/page/4/ processed with proxy: http://tinyproxy1:8888
2025-05-16 17:36:26 [quotes_spa] INFO: Stored item in S3: quotes_data/quotes_spa/2025-05-16/quotes_spa_20250516_173626_044646_page4_item31_64091be7edb77dd6_pxe6d0484a_7709.json
2025-05-16 17:36:26 [quotes_spa] INFO: 📊 PIPELINE: Item from https://quotes.toscrape.com/js/page/4/ processed with proxy: http://tinyproxy1:8888
2025-05-16 17:36:26 [quotes_spa] INFO: Stored item in S3: quotes_data/quotes_spa/2025-05-16/quotes_spa_20250516_173626_167733_page4_item32_7ebf087226e9ff15_pxe6d0484a_1163.json
2025-05-16 17:36:26 [quotes_spa] INFO: 📊 PIPELINE: Item from https://quotes.toscrape.com/js/page/4/ processed with proxy: http://tinyproxy1:8888
2025-05-16 17:36:26 [quotes_spa] INFO: Stored item in S3: quotes_data/quotes_spa/2025-05-16/quotes_spa_20250516_173626_189714_page4_item33_368c861144c7b468_pxe6d0484a_5140.json
2025-05-16 17:36:26 [quotes_spa] INFO: 📊 PIPELINE: Item from https://quotes.toscrape.com/js/page/4/ processed with proxy: http://tinyproxy1:8888
2025-05-16 17:36:26 [quotes_spa] INFO: Stored item in S3: quotes_data/quotes_spa/2025-05-16/quotes_spa_20250516_173626_209933_page4_item34_5bd78a621a0f426e_pxe6d0484a_3606.json
2025-05-16 17:36:26 [quotes_spa] INFO: 📊 PIPELINE: Item from https://quotes.toscrape.com/js/page/4/ processed with proxy: http://tinyproxy1:8888
2025-05-16 17:36:26 [quotes_spa] INFO: Stored item in S3: quotes_data/quotes_spa/2025-05-16/quotes_spa_20250516_173626_229097_page4_item35_40848763c04fdf5e_pxe6d0484a_1576.json
2025-05-16 17:36:26 [quotes_spa] INFO: 📊 PIPELINE: Item from https://quotes.toscrape.com/js/page/4/ processed with proxy: http://tinyproxy1:8888
2025-05-16 17:36:26 [quotes_spa] INFO: Stored item in S3: quotes_data/quotes_spa/2025-05-16/quotes_spa_20250516_173626_248962_page4_item36_1c057fdc196c3ecd_pxe6d0484a_9406.json
2025-05-16 17:36:26 [quotes_spa] INFO: 📊 PIPELINE: Item from https://quotes.toscrape.com/js/page/4/ processed with proxy: http://tinyproxy1:8888
2025-05-16 17:36:26 [quotes_spa] INFO: Stored item in S3: quotes_data/quotes_spa/2025-05-16/quotes_spa_20250516_173626_268328_page4_item37_237c3ea46ed0b438_pxe6d0484a_7474.json
2025-05-16 17:36:26 [quotes_spa] INFO: 📊 PIPELINE: Item from https://quotes.toscrape.com/js/page/4/ processed with proxy: http://tinyproxy1:8888
2025-05-16 17:36:26 [quotes_spa] INFO: Stored item in S3: quotes_data/quotes_spa/2025-05-16/quotes_spa_20250516_173626_290637_page4_item38_59296d5c9f1b0d07_pxe6d0484a_7936.json
2025-05-16 17:36:26 [quotes_spa] INFO: 📊 PIPELINE: Item from https://quotes.toscrape.com/js/page/4/ processed with proxy: http://tinyproxy1:8888
2025-05-16 17:36:26 [quotes_spa] INFO: Stored item in S3: quotes_data/quotes_spa/2025-05-16/quotes_spa_20250516_173626_315423_page4_item39_15aa7cabdfb2855d_pxe6d0484a_5371.json
2025-05-16 17:36:26 [quotes_spa] INFO: 📊 PIPELINE: Item from https://quotes.toscrape.com/js/page/4/ processed with proxy: http://tinyproxy1:8888
2025-05-16 17:36:26 [quotes_spa] INFO: Stored item in S3: quotes_data/quotes_spa/2025-05-16/quotes_spa_20250516_173626_334110_page4_item40_6b68c51dcd3fd32f_pxe6d0484a_2074.json
2025-05-16 17:36:26 [demo.user_agent_middleware] INFO: Request to https://quotes.toscrape.com/js/page/5/: Using User-Agent: Mozilla/5.0 (Windows NT 10.0; Win64; x64) AppleWebKit/537.36 (KHTML, like Gecko) Chrome/91.0.4472.124 Safari/537.36
2025-05-16 17:36:26 [quotes_spa] INFO: Active Selenium sessions: 0/1
2025-05-16 17:36:26 [quotes_spa] INFO: Applying User-Agent to Selenium: Mozilla/5.0 (Windows NT 10.0; Win64; x64) AppleWebKit/537.36 (KHTML, like Gecko) Chrome/91.0.4472.124 Safari/537.36
2025-05-16 17:36:26 [quotes_spa] INFO: 🌐 SELENIUM PROXY: http://tinyproxy1:8888
2025-05-16 17:36:29 [quotes_spa] INFO: Using User-Agent for https://quotes.toscrape.com/js/page/5/: Mozilla/5.0 (Windows NT 10.0; Win64; x64) AppleWebKit/537.36 (KHTML, like Gecko) Chrome/91.0.4472.124 Safari/537.36
2025-05-16 17:36:29 [quotes_spa] INFO: 📊 PIPELINE: Item from https://quotes.toscrape.com/js/page/5/ processed with proxy: http://tinyproxy1:8888
2025-05-16 17:36:29 [quotes_spa] INFO: Stored item in S3: quotes_data/quotes_spa/2025-05-16/quotes_spa_20250516_173629_472470_page5_item41_6f5befd4966a8eea_pxe6d0484a_9915.json
2025-05-16 17:36:29 [quotes_spa] INFO: 📊 PIPELINE: Item from https://quotes.toscrape.com/js/page/5/ processed with proxy: http://tinyproxy1:8888
2025-05-16 17:36:29 [quotes_spa] INFO: Stored item in S3: quotes_data/quotes_spa/2025-05-16/quotes_spa_20250516_173629_602520_page5_item42_c6b0d37bf7c0363e_pxe6d0484a_9096.json
2025-05-16 17:36:29 [quotes_spa] INFO: 📊 PIPELINE: Item from https://quotes.toscrape.com/js/page/5/ processed with proxy: http://tinyproxy1:8888
2025-05-16 17:36:29 [quotes_spa] INFO: Stored item in S3: quotes_data/quotes_spa/2025-05-16/quotes_spa_20250516_173629_630190_page5_item43_e0469f6b5519a4ce_pxe6d0484a_6172.json
2025-05-16 17:36:29 [quotes_spa] INFO: 📊 PIPELINE: Item from https://quotes.toscrape.com/js/page/5/ processed with proxy: http://tinyproxy1:8888
2025-05-16 17:36:29 [quotes_spa] INFO: Stored item in S3: quotes_data/quotes_spa/2025-05-16/quotes_spa_20250516_173629_654324_page5_item44_2a04d8c571b93554_pxe6d0484a_4042.json
2025-05-16 17:36:29 [quotes_spa] INFO: 📊 PIPELINE: Item from https://quotes.toscrape.com/js/page/5/ processed with proxy: http://tinyproxy1:8888
2025-05-16 17:36:29 [quotes_spa] INFO: Stored item in S3: quotes_data/quotes_spa/2025-05-16/quotes_spa_20250516_173629_694781_page5_item45_2233aa7bfe79e38c_pxe6d0484a_6352.json
2025-05-16 17:36:29 [quotes_spa] INFO: 📊 PIPELINE: Item from https://quotes.toscrape.com/js/page/5/ processed with proxy: http://tinyproxy1:8888
2025-05-16 17:36:29 [quotes_spa] INFO: Stored item in S3: quotes_data/quotes_spa/2025-05-16/quotes_spa_20250516_173629_727845_page5_item46_431bbd12e02a7863_pxe6d0484a_1599.json
2025-05-16 17:36:29 [quotes_spa] INFO: 📊 PIPELINE: Item from https://quotes.toscrape.com/js/page/5/ processed with proxy: http://tinyproxy1:8888
2025-05-16 17:36:29 [quotes_spa] INFO: Stored item in S3: quotes_data/quotes_spa/2025-05-16/quotes_spa_20250516_173629_750300_page5_item47_4cd3bb7d64e57798_pxe6d0484a_8544.json
2025-05-16 17:36:29 [quotes_spa] INFO: 📊 PIPELINE: Item from https://quotes.toscrape.com/js/page/5/ processed with proxy: http://tinyproxy1:8888
2025-05-16 17:36:29 [quotes_spa] INFO: Stored item in S3: quotes_data/quotes_spa/2025-05-16/quotes_spa_20250516_173629_771125_page5_item48_2aae25e77a0a95f2_pxe6d0484a_3104.json
2025-05-16 17:36:29 [quotes_spa] INFO: 📊 PIPELINE: Item from https://quotes.toscrape.com/js/page/5/ processed with proxy: http://tinyproxy1:8888
2025-05-16 17:36:29 [quotes_spa] INFO: Stored item in S3: quotes_data/quotes_spa/2025-05-16/quotes_spa_20250516_173629_793670_page5_item49_4a5c7bc8067d4871_pxe6d0484a_1044.json
2025-05-16 17:36:29 [quotes_spa] INFO: 📊 PIPELINE: Item from https://quotes.toscrape.com/js/page/5/ processed with proxy: http://tinyproxy1:8888
2025-05-16 17:36:29 [quotes_spa] INFO: Stored item in S3: quotes_data/quotes_spa/2025-05-16/quotes_spa_20250516_173629_818432_page5_item50_bcdad4babbbadf4c_pxe6d0484a_8768.json
2025-05-16 17:36:29 [demo.user_agent_middleware] INFO: Request to https://quotes.toscrape.com/js/page/6/: Using User-Agent: Mozilla/5.0 (Macintosh; Intel Mac OS X 10_15_7) AppleWebKit/605.1.15 (KHTML, like Gecko) Version/14.1.1 Safari/605.1.15
2025-05-16 17:36:29 [quotes_spa] INFO: Active Selenium sessions: 0/1
2025-05-16 17:36:29 [quotes_spa] INFO: Applying User-Agent to Selenium: Mozilla/5.0 (Macintosh; Intel Mac OS X 10_15_7) AppleWebKit/605.1.15 (KHTML, like Gecko) Version/14.1.1 Safari/605.1.15
2025-05-16 17:36:29 [quotes_spa] INFO: 🌐 SELENIUM PROXY: http://tinyproxy1:8888
2025-05-16 17:36:33 [scrapy.extensions.logstats] INFO: Crawled 7 pages (at 7 pages/min), scraped 50 items (at 50 items/min)
2025-05-16 17:36:33 [quotes_spa] INFO: Using User-Agent for https://quotes.toscrape.com/js/page/6/: Mozilla/5.0 (Macintosh; Intel Mac OS X 10_15_7) AppleWebKit/605.1.15 (KHTML, like Gecko) Version/14.1.1 Safari/605.1.15
2025-05-16 17:36:33 [quotes_spa] INFO: 📊 PIPELINE: Item from https://quotes.toscrape.com/js/page/6/ processed with proxy: http://tinyproxy1:8888
2025-05-16 17:36:33 [quotes_spa] INFO: Stored item in S3: quotes_data/quotes_spa/2025-05-16/quotes_spa_20250516_173633_322145_page6_item51_e800004871729133_pxe6d0484a_9873.json
2025-05-16 17:36:33 [quotes_spa] INFO: 📊 PIPELINE: Item from https://quotes.toscrape.com/js/page/6/ processed with proxy: http://tinyproxy1:8888
2025-05-16 17:36:33 [quotes_spa] INFO: Stored item in S3: quotes_data/quotes_spa/2025-05-16/quotes_spa_20250516_173633_342929_page6_item52_99a801720a695169_pxe6d0484a_8962.json
2025-05-16 17:36:33 [quotes_spa] INFO: 📊 PIPELINE: Item from https://quotes.toscrape.com/js/page/6/ processed with proxy: http://tinyproxy1:8888
2025-05-16 17:36:33 [quotes_spa] INFO: Stored item in S3: quotes_data/quotes_spa/2025-05-16/quotes_spa_20250516_173633_363648_page6_item53_eb45cf9a61d99fe8_pxe6d0484a_7523.json
2025-05-16 17:36:33 [quotes_spa] INFO: 📊 PIPELINE: Item from https://quotes.toscrape.com/js/page/6/ processed with proxy: http://tinyproxy1:8888
2025-05-16 17:36:33 [quotes_spa] INFO: Stored item in S3: quotes_data/quotes_spa/2025-05-16/quotes_spa_20250516_173633_496544_page6_item54_a5639c340bffe515_pxe6d0484a_2394.json
2025-05-16 17:36:33 [quotes_spa] INFO: 📊 PIPELINE: Item from https://quotes.toscrape.com/js/page/6/ processed with proxy: http://tinyproxy1:8888
2025-05-16 17:36:33 [quotes_spa] INFO: Stored item in S3: quotes_data/quotes_spa/2025-05-16/quotes_spa_20250516_173633_690765_page6_item55_f98e250fb197c390_pxe6d0484a_3785.json
2025-05-16 17:36:33 [quotes_spa] INFO: 📊 PIPELINE: Item from https://quotes.toscrape.com/js/page/6/ processed with proxy: http://tinyproxy1:8888
2025-05-16 17:36:33 [quotes_spa] INFO: Stored item in S3: quotes_data/quotes_spa/2025-05-16/quotes_spa_20250516_173633_709359_page6_item56_6373a126363c5dd1_pxe6d0484a_1008.json
2025-05-16 17:36:33 [quotes_spa] INFO: 📊 PIPELINE: Item from https://quotes.toscrape.com/js/page/6/ processed with proxy: http://tinyproxy1:8888
2025-05-16 17:36:33 [quotes_spa] INFO: Stored item in S3: quotes_data/quotes_spa/2025-05-16/quotes_spa_20250516_173633_795574_page6_item57_44c89d656222476c_pxe6d0484a_7220.json
2025-05-16 17:36:33 [quotes_spa] INFO: 📊 PIPELINE: Item from https://quotes.toscrape.com/js/page/6/ processed with proxy: http://tinyproxy1:8888
2025-05-16 17:36:34 [quotes_spa] INFO: Stored item in S3: quotes_data/quotes_spa/2025-05-16/quotes_spa_20250516_173633_966847_page6_item58_423c25db2afeb44a_pxe6d0484a_9081.json
2025-05-16 17:36:34 [quotes_spa] INFO: 📊 PIPELINE: Item from https://quotes.toscrape.com/js/page/6/ processed with proxy: http://tinyproxy1:8888
2025-05-16 17:36:34 [quotes_spa] INFO: Stored item in S3: quotes_data/quotes_spa/2025-05-16/quotes_spa_20250516_173634_234158_page6_item59_e5e2af61a577e943_pxe6d0484a_9589.json
2025-05-16 17:36:34 [quotes_spa] INFO: 📊 PIPELINE: Item from https://quotes.toscrape.com/js/page/6/ processed with proxy: http://tinyproxy1:8888
2025-05-16 17:36:34 [quotes_spa] INFO: Stored item in S3: quotes_data/quotes_spa/2025-05-16/quotes_spa_20250516_173634_844843_page6_item60_3518559d2e684e33_pxe6d0484a_3831.json
2025-05-16 17:36:34 [demo.user_agent_middleware] INFO: Request to https://quotes.toscrape.com/js/page/7/: Using User-Agent: Mozilla/5.0 (Windows NT 10.0; Win64; x64; rv:89.0) Gecko/20100101 Firefox/89.0
2025-05-16 17:36:34 [quotes_spa] INFO: Active Selenium sessions: 0/1
2025-05-16 17:36:34 [quotes_spa] INFO: Applying User-Agent to Selenium: Mozilla/5.0 (Windows NT 10.0; Win64; x64; rv:89.0) Gecko/20100101 Firefox/89.0
2025-05-16 17:36:34 [quotes_spa] INFO: 🌐 SELENIUM PROXY: http://tinyproxy1:8888
2025-05-16 17:36:45 [quotes_spa] INFO: Using User-Agent for https://quotes.toscrape.com/js/page/7/: Mozilla/5.0 (Windows NT 10.0; Win64; x64; rv:89.0) Gecko/20100101 Firefox/89.0
2025-05-16 17:36:45 [quotes_spa] INFO: 📊 PIPELINE: Item from https://quotes.toscrape.com/js/page/7/ processed with proxy: http://tinyproxy1:8888
2025-05-16 17:36:45 [quotes_spa] INFO: Stored item in S3: quotes_data/quotes_spa/2025-05-16/quotes_spa_20250516_173645_274209_page7_item61_0da3d125e4cb2591_pxe6d0484a_3463.json
2025-05-16 17:36:45 [quotes_spa] INFO: 📊 PIPELINE: Item from https://quotes.toscrape.com/js/page/7/ processed with proxy: http://tinyproxy1:8888
2025-05-16 17:36:45 [quotes_spa] INFO: Stored item in S3: quotes_data/quotes_spa/2025-05-16/quotes_spa_20250516_173645_657065_page7_item62_d73b7643bda5a7b9_pxe6d0484a_6257.json
2025-05-16 17:36:46 [quotes_spa] INFO: 📊 PIPELINE: Item from https://quotes.toscrape.com/js/page/7/ processed with proxy: http://tinyproxy1:8888
2025-05-16 17:36:46 [quotes_spa] INFO: Stored item in S3: quotes_data/quotes_spa/2025-05-16/quotes_spa_20250516_173646_154912_page7_item63_4efb32cd16f4806a_pxe6d0484a_3297.json
2025-05-16 17:36:46 [quotes_spa] INFO: 📊 PIPELINE: Item from https://quotes.toscrape.com/js/page/7/ processed with proxy: http://tinyproxy1:8888
2025-05-16 17:36:47 [quotes_spa] INFO: Stored item in S3: quotes_data/quotes_spa/2025-05-16/quotes_spa_20250516_173646_836017_page7_item64_75ed92ce9afb7ae8_pxe6d0484a_5764.json
2025-05-16 17:36:47 [quotes_spa] INFO: 📊 PIPELINE: Item from https://quotes.toscrape.com/js/page/7/ processed with proxy: http://tinyproxy1:8888
2025-05-16 17:36:47 [quotes_spa] INFO: Stored item in S3: quotes_data/quotes_spa/2025-05-16/quotes_spa_20250516_173647_243459_page7_item65_e91db950b7c96a73_pxe6d0484a_8117.json
2025-05-16 17:36:47 [quotes_spa] INFO: 📊 PIPELINE: Item from https://quotes.toscrape.com/js/page/7/ processed with proxy: http://tinyproxy1:8888
2025-05-16 17:36:48 [quotes_spa] INFO: Stored item in S3: quotes_data/quotes_spa/2025-05-16/quotes_spa_20250516_173647_841908_page7_item66_5f44bb503915b694_pxe6d0484a_7808.json
2025-05-16 17:36:48 [quotes_spa] INFO: 📊 PIPELINE: Item from https://quotes.toscrape.com/js/page/7/ processed with proxy: http://tinyproxy1:8888
2025-05-16 17:36:48 [quotes_spa] INFO: Stored item in S3: quotes_data/quotes_spa/2025-05-16/quotes_spa_20250516_173648_265217_page7_item67_180b03befb9748ba_pxe6d0484a_8914.json
2025-05-16 17:36:48 [quotes_spa] INFO: 📊 PIPELINE: Item from https://quotes.toscrape.com/js/page/7/ processed with proxy: http://tinyproxy1:8888
2025-05-16 17:36:49 [quotes_spa] INFO: Stored item in S3: quotes_data/quotes_spa/2025-05-16/quotes_spa_20250516_173648_573455_page7_item68_d57f252b5d3f3641_pxe6d0484a_1008.json
2025-05-16 17:36:49 [quotes_spa] INFO: 📊 PIPELINE: Item from https://quotes.toscrape.com/js/page/7/ processed with proxy: http://tinyproxy1:8888
2025-05-16 17:36:49 [quotes_spa] INFO: Stored item in S3: quotes_data/quotes_spa/2025-05-16/quotes_spa_20250516_173649_113489_page7_item69_7b0a6bcca36f3cfd_pxe6d0484a_9083.json
2025-05-16 17:36:49 [quotes_spa] INFO: 📊 PIPELINE: Item from https://quotes.toscrape.com/js/page/7/ processed with proxy: http://tinyproxy1:8888
2025-05-16 17:36:50 [quotes_spa] INFO: Stored item in S3: quotes_data/quotes_spa/2025-05-16/quotes_spa_20250516_173649_969616_page7_item70_49d23ee29d355507_pxe6d0484a_1668.json
2025-05-16 17:36:50 [demo.user_agent_middleware] INFO: Request to https://quotes.toscrape.com/js/page/8/: Using User-Agent: Mozilla/5.0 (Macintosh; Intel Mac OS X 10_15_7) AppleWebKit/537.36 (KHTML, like Gecko) Chrome/91.0.4472.114 Safari/537.36
2025-05-16 17:36:50 [quotes_spa] INFO: Active Selenium sessions: 0/1
2025-05-16 17:36:50 [quotes_spa] INFO: Applying User-Agent to Selenium: Mozilla/5.0 (Macintosh; Intel Mac OS X 10_15_7) AppleWebKit/537.36 (KHTML, like Gecko) Chrome/91.0.4472.114 Safari/537.36
2025-05-16 17:36:50 [quotes_spa] INFO: 🌐 SELENIUM PROXY: http://tinyproxy1:8888
2025-05-16 17:36:57 [quotes_spa] INFO: Using User-Agent for https://quotes.toscrape.com/js/page/8/: Mozilla/5.0 (Macintosh; Intel Mac OS X 10_15_7) AppleWebKit/537.36 (KHTML, like Gecko) Chrome/91.0.4472.114 Safari/537.36
2025-05-16 17:36:58 [quotes_spa] INFO: 📊 PIPELINE: Item from https://quotes.toscrape.com/js/page/8/ processed with proxy: http://tinyproxy1:8888
2025-05-16 17:36:58 [quotes_spa] INFO: Stored item in S3: quotes_data/quotes_spa/2025-05-16/quotes_spa_20250516_173658_258947_page8_item71_a9453ef09037cb41_pxe6d0484a_4072.json
2025-05-16 17:36:58 [quotes_spa] INFO: 📊 PIPELINE: Item from https://quotes.toscrape.com/js/page/8/ processed with proxy: http://tinyproxy1:8888
2025-05-16 17:36:59 [quotes_spa] INFO: Stored item in S3: quotes_data/quotes_spa/2025-05-16/quotes_spa_20250516_173658_615982_page8_item72_ef0d6633dd09be18_pxe6d0484a_2317.json
2025-05-16 17:36:59 [quotes_spa] INFO: 📊 PIPELINE: Item from https://quotes.toscrape.com/js/page/8/ processed with proxy: http://tinyproxy1:8888
2025-05-16 17:37:01 [quotes_spa] INFO: Stored item in S3: quotes_data/quotes_spa/2025-05-16/quotes_spa_20250516_173659_278544_page8_item73_27a4ac0ece235d0e_pxe6d0484a_8472.json
2025-05-16 17:37:02 [quotes_spa] INFO: 📊 PIPELINE: Item from https://quotes.toscrape.com/js/page/8/ processed with proxy: http://tinyproxy1:8888
2025-05-16 17:37:02 [quotes_spa] INFO: Stored item in S3: quotes_data/quotes_spa/2025-05-16/quotes_spa_20250516_173702_032444_page8_item74_def9cc550bf5e482_pxe6d0484a_2105.json
2025-05-16 17:37:03 [quotes_spa] INFO: 📊 PIPELINE: Item from https://quotes.toscrape.com/js/page/8/ processed with proxy: http://tinyproxy1:8888
2025-05-16 17:37:03 [quotes_spa] INFO: Stored item in S3: quotes_data/quotes_spa/2025-05-16/quotes_spa_20250516_173703_095281_page8_item75_b3bfbb805ba01e06_pxe6d0484a_9738.json
2025-05-16 17:37:03 [quotes_spa] INFO: 📊 PIPELINE: Item from https://quotes.toscrape.com/js/page/8/ processed with proxy: http://tinyproxy1:8888
2025-05-16 17:37:04 [quotes_spa] INFO: Stored item in S3: quotes_data/quotes_spa/2025-05-16/quotes_spa_20250516_173703_788837_page8_item76_5108d6a8182d4f2b_pxe6d0484a_1576.json
2025-05-16 17:37:04 [quotes_spa] INFO: 📊 PIPELINE: Item from https://quotes.toscrape.com/js/page/8/ processed with proxy: http://tinyproxy1:8888
2025-05-16 17:37:04 [quotes_spa] INFO: Stored item in S3: quotes_data/quotes_spa/2025-05-16/quotes_spa_20250516_173704_437562_page8_item77_011aeb7304897a16_pxe6d0484a_5764.json
2025-05-16 17:37:04 [quotes_spa] INFO: 📊 PIPELINE: Item from https://quotes.toscrape.com/js/page/8/ processed with proxy: http://tinyproxy1:8888
2025-05-16 17:37:05 [quotes_spa] INFO: Stored item in S3: quotes_data/quotes_spa/2025-05-16/quotes_spa_20250516_173704_856663_page8_item78_39418a8cf6d3d378_pxe6d0484a_2498.json
2025-05-16 17:37:05 [quotes_spa] INFO: 📊 PIPELINE: Item from https://quotes.toscrape.com/js/page/8/ processed with proxy: http://tinyproxy1:8888
2025-05-16 17:37:05 [quotes_spa] INFO: Stored item in S3: quotes_data/quotes_spa/2025-05-16/quotes_spa_20250516_173705_198620_page8_item79_5eb8fa4eb833db12_pxe6d0484a_3775.json
2025-05-16 17:37:05 [quotes_spa] INFO: 📊 PIPELINE: Item from https://quotes.toscrape.com/js/page/8/ processed with proxy: http://tinyproxy1:8888
2025-05-16 17:37:06 [quotes_spa] INFO: Stored item in S3: quotes_data/quotes_spa/2025-05-16/quotes_spa_20250516_173705_987361_page8_item80_ba46ddfca884430e_pxe6d0484a_2415.json
2025-05-16 17:37:06 [demo.user_agent_middleware] INFO: Request to https://quotes.toscrape.com/js/page/9/: Using User-Agent: Mozilla/5.0 (Macintosh; Intel Mac OS X 10_15_7) AppleWebKit/605.1.15 (KHTML, like Gecko) Version/14.1.1 Safari/605.1.15
2025-05-16 17:37:06 [quotes_spa] INFO: Active Selenium sessions: 0/1
2025-05-16 17:37:06 [quotes_spa] INFO: Applying User-Agent to Selenium: Mozilla/5.0 (Macintosh; Intel Mac OS X 10_15_7) AppleWebKit/605.1.15 (KHTML, like Gecko) Version/14.1.1 Safari/605.1.15
2025-05-16 17:37:06 [quotes_spa] INFO: 🌐 SELENIUM PROXY: http://tinyproxy1:8888
2025-05-16 17:37:13 [quotes_spa] INFO: Using User-Agent for https://quotes.toscrape.com/js/page/9/: Mozilla/5.0 (Macintosh; Intel Mac OS X 10_15_7) AppleWebKit/605.1.15 (KHTML, like Gecko) Version/14.1.1 Safari/605.1.15
2025-05-16 17:37:13 [quotes_spa] INFO: 📊 PIPELINE: Item from https://quotes.toscrape.com/js/page/9/ processed with proxy: http://tinyproxy1:8888
2025-05-16 17:37:13 [quotes_spa] INFO: Stored item in S3: quotes_data/quotes_spa/2025-05-16/quotes_spa_20250516_173713_544816_page9_item81_eb856c6d84661c9a_pxe6d0484a_7956.json
2025-05-16 17:37:14 [quotes_spa] INFO: 📊 PIPELINE: Item from https://quotes.toscrape.com/js/page/9/ processed with proxy: http://tinyproxy1:8888
2025-05-16 17:37:14 [quotes_spa] INFO: Stored item in S3: quotes_data/quotes_spa/2025-05-16/quotes_spa_20250516_173714_112724_page9_item82_cab66bd0fa4c64e3_pxe6d0484a_6836.json
2025-05-16 17:37:14 [quotes_spa] INFO: 📊 PIPELINE: Item from https://quotes.toscrape.com/js/page/9/ processed with proxy: http://tinyproxy1:8888
2025-05-16 17:37:15 [quotes_spa] INFO: Stored item in S3: quotes_data/quotes_spa/2025-05-16/quotes_spa_20250516_173714_692263_page9_item83_665be2d15a5e6013_pxe6d0484a_6735.json
2025-05-16 17:37:15 [quotes_spa] INFO: 📊 PIPELINE: Item from https://quotes.toscrape.com/js/page/9/ processed with proxy: http://tinyproxy1:8888
2025-05-16 17:37:15 [quotes_spa] INFO: Stored item in S3: quotes_data/quotes_spa/2025-05-16/quotes_spa_20250516_173715_280805_page9_item84_34148c4eb48dc8da_pxe6d0484a_5883.json
2025-05-16 17:37:15 [quotes_spa] INFO: 📊 PIPELINE: Item from https://quotes.toscrape.com/js/page/9/ processed with proxy: http://tinyproxy1:8888
2025-05-16 17:37:15 [quotes_spa] INFO: Stored item in S3: quotes_data/quotes_spa/2025-05-16/quotes_spa_20250516_173715_600709_page9_item85_25e4ff72caa85424_pxe6d0484a_8913.json
2025-05-16 17:37:15 [quotes_spa] INFO: 📊 PIPELINE: Item from https://quotes.toscrape.com/js/page/9/ processed with proxy: http://tinyproxy1:8888
2025-05-16 17:37:16 [quotes_spa] INFO: Stored item in S3: quotes_data/quotes_spa/2025-05-16/quotes_spa_20250516_173715_942629_page9_item86_da9136cebce255b7_pxe6d0484a_6568.json
2025-05-16 17:37:16 [quotes_spa] INFO: 📊 PIPELINE: Item from https://quotes.toscrape.com/js/page/9/ processed with proxy: http://tinyproxy1:8888
2025-05-16 17:37:17 [quotes_spa] INFO: Stored item in S3: quotes_data/quotes_spa/2025-05-16/quotes_spa_20250516_173716_527460_page9_item87_87bd94f489ce3693_pxe6d0484a_2443.json
2025-05-16 17:37:17 [quotes_spa] INFO: 📊 PIPELINE: Item from https://quotes.toscrape.com/js/page/9/ processed with proxy: http://tinyproxy1:8888
2025-05-16 17:37:17 [quotes_spa] INFO: Stored item in S3: quotes_data/quotes_spa/2025-05-16/quotes_spa_20250516_173717_612568_page9_item88_951f2fe2e6340ae4_pxe6d0484a_3164.json
2025-05-16 17:37:18 [quotes_spa] INFO: 📊 PIPELINE: Item from https://quotes.toscrape.com/js/page/9/ processed with proxy: http://tinyproxy1:8888
2025-05-16 17:37:18 [quotes_spa] INFO: Stored item in S3: quotes_data/quotes_spa/2025-05-16/quotes_spa_20250516_173718_053193_page9_item89_7e689eb609dcddf6_pxe6d0484a_5756.json
2025-05-16 17:37:18 [quotes_spa] INFO: 📊 PIPELINE: Item from https://quotes.toscrape.com/js/page/9/ processed with proxy: http://tinyproxy1:8888
2025-05-16 17:37:18 [quotes_spa] INFO: Stored item in S3: quotes_data/quotes_spa/2025-05-16/quotes_spa_20250516_173718_519912_page9_item90_4feb616102221598_pxe6d0484a_3216.json
2025-05-16 17:37:18 [demo.user_agent_middleware] INFO: Request to https://quotes.toscrape.com/js/page/10/: Using User-Agent: Mozilla/5.0 (Windows NT 10.0; Win64; x64) AppleWebKit/537.36 (KHTML, like Gecko) Chrome/91.0.4472.124 Safari/537.36 Edg/91.0.864.37
2025-05-16 17:37:18 [quotes_spa] INFO: Active Selenium sessions: 0/1
2025-05-16 17:37:18 [quotes_spa] INFO: Applying User-Agent to Selenium: Mozilla/5.0 (Windows NT 10.0; Win64; x64) AppleWebKit/537.36 (KHTML, like Gecko) Chrome/91.0.4472.124 Safari/537.36 Edg/91.0.864.37
2025-05-16 17:37:18 [quotes_spa] INFO: 🌐 SELENIUM PROXY: http://tinyproxy1:8888
2025-05-16 17:37:21 [quotes_spa] INFO: Using User-Agent for https://quotes.toscrape.com/js/page/10/: Mozilla/5.0 (Windows NT 10.0; Win64; x64) AppleWebKit/537.36 (KHTML, like Gecko) Chrome/91.0.4472.124 Safari/537.36 Edg/91.0.864.37
2025-05-16 17:37:21 [quotes_spa] INFO: 📊 PIPELINE: Item from https://quotes.toscrape.com/js/page/10/ processed with proxy: http://tinyproxy1:8888
2025-05-16 17:37:21 [quotes_spa] INFO: Stored item in S3: quotes_data/quotes_spa/2025-05-16/quotes_spa_20250516_173721_916920_page10_item91_cf6ccf5746051463_pxe6d0484a_1735.json
2025-05-16 17:37:21 [quotes_spa] INFO: 📊 PIPELINE: Item from https://quotes.toscrape.com/js/page/10/ processed with proxy: http://tinyproxy1:8888
2025-05-16 17:37:21 [quotes_spa] INFO: Stored item in S3: quotes_data/quotes_spa/2025-05-16/quotes_spa_20250516_173721_936246_page10_item92_fcead8009f918c7e_pxe6d0484a_7177.json
2025-05-16 17:37:21 [quotes_spa] INFO: 📊 PIPELINE: Item from https://quotes.toscrape.com/js/page/10/ processed with proxy: http://tinyproxy1:8888
2025-05-16 17:37:22 [quotes_spa] INFO: Stored item in S3: quotes_data/quotes_spa/2025-05-16/quotes_spa_20250516_173721_998821_page10_item93_6368b07251eedd2b_pxe6d0484a_6301.json
2025-05-16 17:37:22 [quotes_spa] INFO: 📊 PIPELINE: Item from https://quotes.toscrape.com/js/page/10/ processed with proxy: http://tinyproxy1:8888
2025-05-16 17:37:22 [quotes_spa] INFO: Stored item in S3: quotes_data/quotes_spa/2025-05-16/quotes_spa_20250516_173722_022732_page10_item94_9d6cb77f6fcbed53_pxe6d0484a_8355.json
2025-05-16 17:37:22 [quotes_spa] INFO: 📊 PIPELINE: Item from https://quotes.toscrape.com/js/page/10/ processed with proxy: http://tinyproxy1:8888
2025-05-16 17:37:22 [quotes_spa] INFO: Stored item in S3: quotes_data/quotes_spa/2025-05-16/quotes_spa_20250516_173722_044118_page10_item95_904b2f85a132b12a_pxe6d0484a_4144.json
2025-05-16 17:37:22 [quotes_spa] INFO: 📊 PIPELINE: Item from https://quotes.toscrape.com/js/page/10/ processed with proxy: http://tinyproxy1:8888
2025-05-16 17:37:22 [quotes_spa] INFO: Stored item in S3: quotes_data/quotes_spa/2025-05-16/quotes_spa_20250516_173722_067291_page10_item96_af54f4f1bb3247c5_pxe6d0484a_9537.json
2025-05-16 17:37:22 [quotes_spa] INFO: 📊 PIPELINE: Item from https://quotes.toscrape.com/js/page/10/ processed with proxy: http://tinyproxy1:8888
2025-05-16 17:37:22 [quotes_spa] INFO: Stored item in S3: quotes_data/quotes_spa/2025-05-16/quotes_spa_20250516_173722_093317_page10_item97_6f06efcabb26958b_pxe6d0484a_9742.json
2025-05-16 17:37:22 [quotes_spa] INFO: 📊 PIPELINE: Item from https://quotes.toscrape.com/js/page/10/ processed with proxy: http://tinyproxy1:8888
2025-05-16 17:37:22 [quotes_spa] INFO: Stored item in S3: quotes_data/quotes_spa/2025-05-16/quotes_spa_20250516_173722_115424_page10_item98_77e569f12718ba56_pxe6d0484a_8851.json
2025-05-16 17:37:22 [quotes_spa] INFO: 📊 PIPELINE: Item from https://quotes.toscrape.com/js/page/10/ processed with proxy: http://tinyproxy1:8888
2025-05-16 17:37:22 [quotes_spa] INFO: Stored item in S3: quotes_data/quotes_spa/2025-05-16/quotes_spa_20250516_173722_136098_page10_item99_ec8569bcea86ff5b_pxe6d0484a_8124.json
2025-05-16 17:37:22 [quotes_spa] INFO: 📊 PIPELINE: Item from https://quotes.toscrape.com/js/page/10/ processed with proxy: http://tinyproxy1:8888
2025-05-16 17:37:22 [quotes_spa] INFO: Stored item in S3: quotes_data/quotes_spa/2025-05-16/quotes_spa_20250516_173722_158684_page10_item100_356e4011f68c8d5b_pxe6d0484a_4894.json
2025-05-16 17:37:22 [scrapy.core.engine] INFO: Closing spider (finished)
2025-05-16 17:37:22 [quotes_spa] INFO: Total items stored in S3: 100
2025-05-16 17:37:22 [quotes_spa] INFO: Spider closing: finished
2025-05-16 17:37:22 [quotes_spa] INFO: Spider shutting down, clearing active Selenium sessions
2025-05-16 17:37:22 [quotes_spa] INFO: Called API gateway to reset sessions: 200
2025-05-16 17:37:22 [quotes_spa] INFO: Spider closed successfully
2025-05-16 17:37:22 [quotes_spa] INFO: Shutting down Selenium driver pool (0 drivers)
2025-05-16 17:37:22 [scrapy.extensions.feedexport] INFO: Stored jsonlines feed (100 items) in: file:///var/lib/scrapyd/items/demo-1.0-py3.10/quotes_spa/2025-05-16T19_35_13_1.jl
2025-05-16 17:37:22 [scrapy.statscollectors] INFO: Dumping Scrapy stats:
{'downloader/response_bytes': 95488,
 'downloader/response_count': 11,
 'downloader/response_status_count/200': 11,
 'elapsed_time_seconds': 110.156231,
 'feedexport/success_count/FileFeedStorage': 1,
 'finish_reason': 'finished',
 'finish_time': datetime.datetime(2025, 5, 16, 17, 37, 22, 179530),
 'item_scraped_count': 100,
 'log_count/INFO': 282,
 'log_count/WARNING': 1,
 'memusage/max': 99356672,
 'memusage/startup': 98172928,
 'request_depth_max': 10,
 'response_received_count': 11,
 'scheduler/dequeued': 11,
 'scheduler/dequeued/memory': 11,
 'scheduler/enqueued': 11,
 'scheduler/enqueued/memory': 11,
 'start_time': datetime.datetime(2025, 5, 16, 17, 35, 32, 23299)}
2025-05-16 17:37:22 [scrapy.core.engine] INFO: Spider closed (finished)
